<?xml version="1.0" encoding="UTF-8"?>
<testsuite name="com.capstone.account.AccountServiceApplicationTests" tests="1" skipped="0" failures="0" errors="0" timestamp="2025-09-05T19:02:29.654Z" hostname="JACK" time="0.592">
  <properties/>
  <testcase name="contextLoads()" classname="com.capstone.account.AccountServiceApplicationTests" time="0.592"/>
  <system-out><![CDATA[15:02:27.968 [Test worker] INFO org.springframework.test.context.support.AnnotationConfigContextLoaderUtils -- Could not detect default configuration classes for test class [com.capstone.account.AccountServiceApplicationTests]: AccountServiceApplicationTests does not declare any static, non-private, non-final, nested classes annotated with @Configuration.
15:02:28.073 [Test worker] INFO org.springframework.boot.test.context.SpringBootTestContextBootstrapper -- Found @SpringBootConfiguration com.capstone.account.AccountServiceApplication for test class com.capstone.account.AccountServiceApplicationTests

  .   ____          _            __ _ _
 /\\ / ___'_ __ _ _(_)_ __  __ _ \ \ \ \
( ( )\___ | '_ | '_| | '_ \/ _` | \ \ \ \
 \\/  ___)| |_)| | | | | || (_| |  ) ) ) )
  '  |____| .__|_| |_|_| |_\__, | / / / /
 =========|_|==============|___/=/_/_/_/

 :: Spring Boot ::                (v3.5.5)

2025-09-05T15:02:28.452-04:00  INFO 6332 --- [account-service] [    Test worker] c.c.a.AccountServiceApplicationTests     : Starting AccountServiceApplicationTests using Java 21.0.5 with PID 6332 (started by flame in C:\Users\flame\OneDrive\Desktop\all\Spring-Boot-Microservices-Capstone\account-service)
2025-09-05T15:02:28.454-04:00  INFO 6332 --- [account-service] [    Test worker] c.c.a.AccountServiceApplicationTests     : No active profile set, falling back to 1 default profile: "default"
2025-09-05T15:02:29.357-04:00  INFO 6332 --- [account-service] [    Test worker] r$InitializeUserDetailsManagerConfigurer : Global AuthenticationManager configured with UserDetailsService bean with name inMemoryUserDetailsManager
2025-09-05T15:02:29.640-04:00  INFO 6332 --- [account-service] [    Test worker] c.c.a.AccountServiceApplicationTests     : Started AccountServiceApplicationTests in 1.433 seconds (process running for 2.388)
]]></system-out>
  <system-err><![CDATA[Mockito is currently self-attaching to enable the inline-mock-maker. This will no longer work in future releases of the JDK. Please add Mockito as an agent to your build as described in Mockito's documentation: https://javadoc.io/doc/org.mockito/mockito-core/latest/org.mockito/org/mockito/Mockito.html#0.3
WARNING: A Java agent has been loaded dynamically (C:\Users\flame\.gradle\caches\modules-2\files-2.1\net.bytebuddy\byte-buddy-agent\1.17.7\fbf3d6d649ed37fc9e9c59480a05be0a26e3c2da\byte-buddy-agent-1.17.7.jar)
WARNING: If a serviceability tool is in use, please run with -XX:+EnableDynamicAgentLoading to hide this warning
WARNING: If a serviceability tool is not in use, please run with -Djdk.instrument.traceUsage for more information
WARNING: Dynamic loading of agents will be disallowed by default in a future release
]]></system-err>
</testsuite>
